\BOOKMARK [0][-]{chapter.1}{\376\377\000P\000a\000r\000a\000l\000e\000l\000n\000\351\000\040\000g\000r\000a\000m\000a\000t\000i\000k\000y}{}% 1
\BOOKMARK [1][-]{section.1.1}{\376\377\000L\000i\000n\000d\000e\000n\000m\000a\000y\000e\000r\000o\000v\000e\000\040\000s\000y\000s\000t\000\351\000m\000y\000\040\000\050\000L\000-\000s\000y\000s\000t\000\351\000m\000y\000\051}{chapter.1}% 2
\BOOKMARK [2][-]{subsection.1.1.1}{\376\377\000O\000L\000-\000s\000y\000s\000t\000\351\000m\000y}{section.1.1}% 3
\BOOKMARK [2][-]{subsection.1.1.2}{\376\377\000P\000o\000r\000o\000v\000n\000a\000n\000i\000e\000\040\000L\000O\000L\000\040\000s\000\040\000C\000h\000o\000m\000s\000k\000\351\000h\000o\000\040\000h\000i\000e\000r\000a\000r\000c\000h\000i\000o\000u}{section.1.1}% 4
\BOOKMARK [2][-]{subsection.1.1.3}{\376\377\000R\000o\000z\001\141\000\355\000r\000e\000n\000\351\000\040\000O\000L\000-\000s\000y\000s\000t\000\351\000m\000y\000\040\000\050\000E\000O\000L\000-\000s\000y\000s\000t\000\351\000m\000y\000\051}{section.1.1}% 5
\BOOKMARK [2][-]{subsection.1.1.4}{\376\377\000T\000O\000L\000-\000s\000y\000s\000t\000\351\000m\000y\000\040\000\050\000t\000a\000b\000l\000e\000\051}{section.1.1}% 6
\BOOKMARK [1][-]{section.1.2}{\376\377\001\016\000a\001\076\001\141\000i\000e\000\040\000p\000a\000r\000a\000l\000e\000l\000n\000\351\000\040\000g\000r\000a\000m\000a\000t\000i\000k\000y}{chapter.1}% 7
\BOOKMARK [2][-]{subsection.1.2.1}{\376\377\000I\000n\000d\000i\000c\000k\000\351\000\040\000p\000a\000r\000a\000l\000e\000l\000n\000\351\000\040\000g\000r\000a\000m\000a\000t\000i\000k\000y}{section.1.2}% 8
\BOOKMARK [2][-]{subsection.1.2.2}{\376\377\000R\000u\000s\000k\000\351\000\040\000p\000a\000r\000a\000l\000e\000l\000n\000\351\000\040\000g\000r\000a\000m\000a\000t\000i\000k\000y}{section.1.2}% 9
\BOOKMARK [2][-]{subsection.1.2.3}{\376\377\000A\000b\000s\000o\000l\000\372\000t\000n\000e\000\040\000p\000a\000r\000a\000l\000e\000l\000n\000\351\000\040\000g\000r\000a\000m\000a\000t\000i\000k\000y}{section.1.2}% 10
\BOOKMARK [0][-]{chapter.2}{\376\377\000G\000e\000n\000e\000r\000a\000t\000\355\000v\000n\000e\000\040\000s\000y\000s\000t\000\351\000m\000y}{}% 11
\BOOKMARK [1][-]{section.2.1}{\376\377\000D\000e\000f\000i\000n\000\355\000c\000i\000e\000\040\000a\000\040\000o\000z\000n\000a\001\015\000e\000n\000i\000a}{chapter.2}% 12
\BOOKMARK [1][-]{section.2.2}{\376\377\000P\000o\000r\000o\000v\000n\000a\000n\000i\000e\000\040\000g\000e\000n\000e\000r\000a\000t\000\355\000v\000n\000e\000j\000\040\000s\000i\000l\000y\000\040\000g\000-\000s\000y\000s\000t\000\351\000m\000o\000v\000\040\000s\000\040\000g\000r\000a\000m\000a\000t\000i\000k\000a\000m\000i\000\040\000C\000h\000o\000m\000s\000k\000\351\000h\000o\000\040\000h\000i\000e\000r\000a\000r\000c\000h\000i\000e}{chapter.2}% 13
\BOOKMARK [1][-]{section.2.3}{\376\377\000M\000o\000d\000e\000l\000o\000v\000a\000n\000i\000e\000\040\000z\000n\000\341\000m\000y\000c\000h\000\040\000g\000r\000a\000m\000a\000t\000\355\000k\000\040\000p\000o\000m\000o\000c\000o\000u\000\040\000g\000-\000s\000y\000s\000t\000\351\000m\000o\000v}{chapter.2}% 14
\BOOKMARK [1][-]{section.2.4}{\376\377\000M\000i\000e\000r\000y\000\040\000z\000l\000o\001\176\000i\000t\000o\000s\000t\000i}{chapter.2}% 15
\BOOKMARK [1][-]{section.2.5}{\376\377\000P\000o\000r\000o\000v\000n\000a\000n\000i\000e\000\040\000s\000e\000k\000v\000e\000n\001\015\000n\000\375\000c\000h\000\040\000a\000\040\000p\000a\000r\000a\000l\000e\000l\000n\000\375\000c\000h\000\040\000g\000-\000s\000y\000s\000t\000\351\000m\000o\000v}{chapter.2}% 16
\BOOKMARK [1][-]{section.2.6}{\376\377\000N\000o\000r\000m\000\341\000l\000o\000v\000\351\000\040\000t\000v\000a\000r\000y\000\040\000g\000-\000s\000y\000s\000t\000\351\000m\000o\000v}{chapter.2}% 17
\BOOKMARK [1][-]{section.2.7}{\376\377\000C\000h\000a\000r\000a\000k\000t\000e\000r\000i\000z\000\341\000c\000i\000a\000\040\000t\000r\000i\000e\000d\000y\000\040\000T\000I\000M\000E\000G\000\050\000f\000\050\000n\000\051\000\051\000\040\000p\000o\000m\000o\000c\000o\000u\000\040\000s\000e\000k\000v\000e\000n\001\015\000n\000\351\000h\000o\000\040\000p\000r\000i\000e\000s\000t\000o\000r\000u}{chapter.2}% 18
\BOOKMARK [1][-]{section.2.8}{\376\377\000N\000i\000e\000k\000t\000o\000r\000\351\000\040\000v\000l\000a\000s\000t\000n\000o\000s\000t\000i\000\040\000`\000`\000r\000\375\000c\000h\000l\000o\000\040\000g\000e\000n\000e\000r\000o\000v\000a\000t\000e\001\076\000n\000\375\000c\000h\000'\000'\000\040\000j\000a\000z\000y\000k\000o\000v}{chapter.2}% 19
\BOOKMARK [1][-]{section.2.9}{\376\377\000Z\000\341\000v\000e\000r\000o\000m\000\040\000o\000\040\000g\000-\000s\000y\000s\000t\000\351\000m\000o\000c\000h}{chapter.2}% 20
\BOOKMARK [1][-]{section.2.10}{\376\377\000M\000e\000r\000a\000n\000i\000e\000\040\000n\000e\000d\000e\000t\000e\000r\000m\000i\000n\000i\000z\000n\000u\000\040\000v\000\040\000g\000-\000s\000y\000s\000t\000\351\000m\000o\000c\000h}{chapter.2}% 21
\BOOKMARK [2][-]{subsection.2.10.1}{\376\377\000P\000o\001\015\000e\000t\000\040\000n\000e\000d\000e\000t\000e\000r\000m\000i\000n\000i\000s\000t\000i\000c\000k\000\375\000c\000h\000\040\000s\000t\000a\000v\000o\000v}{section.2.10}% 22
\BOOKMARK [2][-]{subsection.2.10.2}{\376\377\000P\000o\001\015\000e\000t\000\040\000n\000e\000d\000e\000t\000e\000r\000m\000i\000n\000i\000s\000t\000i\000c\000k\000\375\000c\000h\000\040\000r\000o\000z\000h\000o\000d\000n\000u\000t\000\355}{section.2.10}% 23
\BOOKMARK [1][-]{section.2.11}{\376\377\000D\000e\000t\000e\000r\000m\000i\000n\000i\000s\000t\000i\000c\000k\000\351\000\040\000g\000-\000s\000y\000s\000t\000\351\000m\000y\000\040\000D\000G\000S}{chapter.2}% 24
\BOOKMARK [2][-]{subsection.2.11.1}{\376\377\000D\000G\000S\000\040\000s\000\040\000n\000e\000t\000e\000r\000m\000i\000n\000\341\000l\000m\000i}{section.2.11}% 25
\BOOKMARK [0][-]{chapter.3}{\376\377\000K\000o\000o\000p\000e\000r\000u\000j\000\372\000c\000e\000\040\000d\000i\000s\000t\000r\000i\000b\000u\000o\000v\000a\000n\000\351\000\040\000s\000y\000s\000t\000\351\000m\000y\000\040\000g\000r\000a\000m\000a\000t\000\355\000k\000\040\000\050\000C\000D\000G\000S\000\051}{}% 26
\BOOKMARK [1][-]{section.3.1}{\376\377\000N\000i\000e\000k\000t\000o\000r\000\351\000\040\000o\000t\000\341\000z\000k\000y\000\040\000p\000o\000p\000i\000s\000n\000e\000j\000\040\000z\000l\000o\001\176\000i\000t\000o\000s\000t\000i}{chapter.3}% 27
\BOOKMARK [0][-]{chapter.4}{\376\377\000P\000a\000r\000a\000l\000e\000l\000n\000\351\000\040\000k\000o\000m\000u\000n\000i\000k\000u\000j\000\372\000c\000e\000\040\000s\000y\000s\000t\000\351\000m\000y\000\040\000g\000r\000a\000m\000a\000t\000\355\000k\000\040\000\050\000P\000C\000G\000S\000\051}{}% 28
\BOOKMARK [1][-]{section.4.1}{\376\377\000D\000e\000f\000i\000n\000\355\000c\000i\000e\000\040\000a\000\040\000o\000z\000n\000a\001\015\000e\000n\000i\000a}{chapter.4}% 29
\BOOKMARK [1][-]{section.4.2}{\376\377\000P\000a\000r\000a\000m\000e\000t\000r\000e\000\040\000u\000v\000a\001\176\000o\000v\000a\000n\000\351\000\040\000n\000a\000\040\000P\000C\000G\000S}{chapter.4}% 30
\BOOKMARK [1][-]{section.4.3}{\376\377\000G\000e\000n\000e\000r\000a\000t\000\355\000v\000n\000a\000\040\000s\000i\000l\000a\000\040\000P\000C\000G\000S}{chapter.4}% 31
\BOOKMARK [1][-]{section.4.4}{\376\377\000P\000o\000r\000o\000v\000n\000a\000n\000i\000e\000\040\000P\000C\000G\000S\000\040\000s\000o\000\040\000s\000e\000k\000v\000e\000n\001\015\000n\000\375\000m\000i\000\040\000t\000r\000i\000e\000d\000a\000m\000i}{chapter.4}% 32
\BOOKMARK [1][-]{section.4.5}{\376\377\000N\000i\000e\000k\000t\000o\000r\000\351\000\040\001\017\000a\000l\001\141\000i\000e\000\040\000v\000l\000a\000s\000t\000n\000o\000s\000t\000i\000\040\000P\000C\000G\000S}{chapter.4}% 33
\BOOKMARK [0][-]{chapter.5}{\376\377\000A\000l\000t\000e\000r\000n\000u\000j\000\372\000c\000e\000\040\000s\000t\000r\000o\000j\000e}{}% 34
\BOOKMARK [1][-]{section.5.1}{\376\377\000D\000e\000f\000i\000n\000\355\000c\000i\000e\000\040\000a\000\040\000o\000z\000n\000a\001\015\000e\000n\000i\000a}{chapter.5}% 35
\BOOKMARK [1][-]{section.5.2}{\376\377\000M\000i\000e\000r\000y\000\040\000z\000l\000o\001\176\000i\000t\000o\000s\000t\000i}{chapter.5}% 36
\BOOKMARK [1][-]{section.5.3}{\376\377\000A\000l\000t\000e\000r\000n\000u\000j\000\372\000c\000e\000\040\000v\000s\000.\000\040\000s\000e\000k\000v\000e\000n\001\015\000n\000\351\000\040\000t\000r\000i\000e\000d\000y\000\040\000z\000l\000o\001\176\000i\000t\000o\000s\000t\000i}{chapter.5}% 37
\BOOKMARK [1][-]{section.5.4}{\376\377\000A\000l\000t\000e\000r\000n\000u\000j\000\372\000c\000e\000\040\000k\000o\000n\000e\001\015\000n\000\351\000\040\000a\000u\000t\000o\000m\000a\000t\000y\000\040\000\050\000A\000F\000S\000A\000\051}{chapter.5}% 38
\BOOKMARK [1][-]{section.5.5}{\376\377\000A\000l\000t\000e\000r\000n\000u\000j\000\372\000c\000e\000\040\000z\000\341\000s\000o\000b\000n\000\355\000k\000o\000v\000\351\000\040\000a\000u\000t\000o\000m\000a\000t\000y\000\040\000\050\000A\000P\000D\000A\000\051}{chapter.5}% 39
\BOOKMARK [1][-]{section.5.6}{\376\377\000S\000y\000n\000c\000h\000r\000o\000n\000i\000z\000o\000v\000a\000n\000\351\000\040\000a\000l\000t\000e\000r\000n\000u\000j\000\372\000c\000e\000\040\000s\000t\000r\000o\000j\000e}{chapter.5}% 40
\BOOKMARK [0][-]{chapter.6}{\376\377\000B\000o\000o\000l\000e\000o\000v\000s\000k\000\351\000\040\000o\000b\000v\000o\000d\000y\000\040\000\050\000B\000O\000\051}{}% 41
\BOOKMARK [1][-]{section.6.1}{\376\377\000D\000e\000f\000i\000n\000\355\000c\000i\000e\000\040\000a\000\040\000o\000z\000n\000a\001\015\000e\000n\000i\000a}{chapter.6}% 42
\BOOKMARK [1][-]{section.6.2}{\376\377\000M\000i\000e\000r\000y\000\040\000z\000l\000o\001\176\000i\000t\000o\000s\000t\000i}{chapter.6}% 43
\BOOKMARK [1][-]{section.6.3}{\376\377\000B\000C\000-\000u\000n\000i\000f\000o\000r\000m\000n\000\351\000\040\000b\000o\000o\000l\000e\000o\000v\000s\000k\000\351\000\040\000o\000b\000v\000o\000d\000y}{chapter.6}% 44
\BOOKMARK [1][-]{section.6.4}{\376\377\000P\000o\000r\000o\000v\000n\000a\000n\000i\000e\000\040\000B\000O\000\040\000a\000\040\000T\000S}{chapter.6}% 45
\BOOKMARK [1][-]{section.6.5}{\376\377\000D\000r\000u\000h\000\341\000\040\000p\000o\001\015\000\355\000t\000a\001\015\000o\000v\000\341\000\040\000t\000r\000i\000e\000d\000a\000\040\000a\000\040\000N\000i\000c\000k\000\040\000C\000l\000a\000s\000s}{chapter.6}% 46
\BOOKMARK [1][-]{section.6.6}{\376\377\000I\000n\000\351\000\040\000u\000n\000i\000f\000o\000r\000m\000i\000t\000y\000\040\000p\000r\000e\000\040\000b\000o\000o\000l\000e\000o\000v\000s\000k\000\351\000\040\000o\000b\000v\000o\000d\000y}{chapter.6}% 47
\BOOKMARK [1][-]{section.6.7}{\376\377\000P\000o\000r\000o\000v\000n\000a\000n\000i\000e\000\040\000m\000o\000d\000e\000l\000o\000v\000\040\000B\000O\000\040\000a\000\040\000A\000T\000S}{chapter.6}% 48
\BOOKMARK [0][-]{chapter.7}{\376\377\000P\000a\000r\000a\000l\000l\000e\000l\000\040\000R\000a\000n\000d\000o\000m\000\040\000A\000c\000c\000e\000s\000s\000\040\000M\000a\000c\000h\000i\000n\000e\000\040\000\050\000P\000R\000A\000M\000\051}{}% 49
\BOOKMARK [1][-]{section.7.1}{\376\377\000D\000e\000f\000i\000n\000\355\000c\000i\000e\000\040\000a\000\040\000o\000z\000n\000a\001\015\000e\000n\000i\000a}{chapter.7}% 50
\BOOKMARK [2][-]{subsection.7.1.1}{\376\377\000R\000A\000M}{section.7.1}% 51
\BOOKMARK [2][-]{subsection.7.1.2}{\376\377\000P\000R\000A\000M}{section.7.1}% 52
\BOOKMARK [1][-]{section.7.2}{\376\377\000M\000i\000e\000r\000y\000\040\000z\000l\000o\001\176\000i\000t\000o\000s\000t\000i}{chapter.7}% 53
\BOOKMARK [1][-]{section.7.3}{\376\377\000V\000\375\000p\000o\001\015\000t\000o\000v\000\341\000\040\000s\000i\000l\000a\000\040\000m\000o\000d\000e\000l\000u\000\040\000P\000R\000A\000M}{chapter.7}% 54
\BOOKMARK [1][-]{section.7.4}{\376\377\000P\000o\000r\000o\000v\000n\000a\000n\000i\000e\000\040\000m\000o\000d\000e\000l\000o\000v\000\040\000B\000O\000\040\000a\000\040\000P\000R\000A\000M}{chapter.7}% 55
